Starting simulation.
Time slot 1/100
Recorded 3 UAV positions and 1000 IoT positions.
Recorded energy efficiencies for 515 IoT devices.
Time slot 2/100
Recorded 3 UAV positions and 1000 IoT positions.
Recorded energy efficiencies for 771 IoT devices.
Time slot 3/100
Recorded 3 UAV positions and 1000 IoT positions.
Recorded energy efficiencies for 887 IoT devices.
Time slot 4/100
Recorded 3 UAV positions and 1000 IoT positions.
Recorded energy efficiencies for 948 IoT devices.
Time slot 5/100
Recorded 3 UAV positions and 1000 IoT positions.
Recorded energy efficiencies for 967 IoT devices.
Time slot 6/100
Recorded 3 UAV positions and 1000 IoT positions.
Recorded energy efficiencies for 980 IoT devices.
Time slot 7/100
Recorded 3 UAV positions and 1000 IoT positions.
Recorded energy efficiencies for 987 IoT devices.
Time slot 8/100
Recorded 3 UAV positions and 1000 IoT positions.
Recorded energy efficiencies for 994 IoT devices.
Time slot 9/100
Recorded 3 UAV positions and 1000 IoT positions.
Recorded energy efficiencies for 998 IoT devices.
Time slot 10/100
Recorded 3 UAV positions and 1000 IoT positions.
Recorded energy efficiencies for 999 IoT devices.
Time slot 11/100
Recorded 3 UAV positions and 1000 IoT positions.
Recorded energy efficiencies for 1000 IoT devices.
Time slot 12/100
Recorded 3 UAV positions and 1000 IoT positions.
Recorded energy efficiencies for 1000 IoT devices.
Time slot 13/100
Recorded 3 UAV positions and 1000 IoT positions.
Recorded energy efficiencies for 1000 IoT devices.
Time slot 14/100
Recorded 3 UAV positions and 1000 IoT positions.
Recorded energy efficiencies for 1000 IoT devices.
Time slot 15/100
Recorded 3 UAV positions and 1000 IoT positions.
Recorded energy efficiencies for 1000 IoT devices.
Time slot 16/100
Recorded 3 UAV positions and 1000 IoT positions.
Recorded energy efficiencies for 1000 IoT devices.
Time slot 17/100
Recorded 3 UAV positions and 1000 IoT positions.
Recorded energy efficiencies for 1000 IoT devices.
Time slot 18/100
Recorded 3 UAV positions and 1000 IoT positions.
Recorded energy efficiencies for 1000 IoT devices.
Time slot 19/100
Recorded 3 UAV positions and 1000 IoT positions.
Recorded energy efficiencies for 1000 IoT devices.
Time slot 20/100
Recorded 3 UAV positions and 1000 IoT positions.
Recorded energy efficiencies for 1000 IoT devices.
Time slot 21/100
Recorded 3 UAV positions and 1000 IoT positions.
Recorded energy efficiencies for 1000 IoT devices.
Time slot 22/100
Recorded 3 UAV positions and 1000 IoT positions.
Recorded energy efficiencies for 1000 IoT devices.
Time slot 23/100
Recorded 3 UAV positions and 1000 IoT positions.
Recorded energy efficiencies for 1000 IoT devices.
Time slot 24/100
Recorded 3 UAV positions and 1000 IoT positions.
Recorded energy efficiencies for 1000 IoT devices.
Time slot 25/100
Recorded 3 UAV positions and 1000 IoT positions.
Recorded energy efficiencies for 1000 IoT devices.
Time slot 26/100
Recorded 3 UAV positions and 1000 IoT positions.
Recorded energy efficiencies for 1000 IoT devices.
Time slot 27/100
Recorded 3 UAV positions and 1000 IoT positions.
Recorded energy efficiencies for 1000 IoT devices.
Time slot 28/100
Recorded 3 UAV positions and 1000 IoT positions.
Recorded energy efficiencies for 1000 IoT devices.
Time slot 29/100
Recorded 3 UAV positions and 1000 IoT positions.
Recorded energy efficiencies for 1000 IoT devices.
Time slot 30/100
Recorded 3 UAV positions and 1000 IoT positions.
Recorded energy efficiencies for 1000 IoT devices.
Time slot 31/100
Recorded 3 UAV positions and 1000 IoT positions.
Recorded energy efficiencies for 1000 IoT devices.
Time slot 32/100
Recorded 3 UAV positions and 1000 IoT positions.
Recorded energy efficiencies for 1000 IoT devices.
Time slot 33/100
Recorded 3 UAV positions and 1000 IoT positions.
Recorded energy efficiencies for 1000 IoT devices.
Time slot 34/100
Recorded 3 UAV positions and 1000 IoT positions.
Recorded energy efficiencies for 1000 IoT devices.
Time slot 35/100
Recorded 3 UAV positions and 1000 IoT positions.
Recorded energy efficiencies for 1000 IoT devices.
Time slot 36/100
Recorded 3 UAV positions and 1000 IoT positions.
Recorded energy efficiencies for 1000 IoT devices.
Time slot 37/100
Recorded 3 UAV positions and 1000 IoT positions.
Recorded energy efficiencies for 1000 IoT devices.
Time slot 38/100
Recorded 3 UAV positions and 1000 IoT positions.
Recorded energy efficiencies for 1000 IoT devices.
Time slot 39/100
Recorded 3 UAV positions and 1000 IoT positions.
Recorded energy efficiencies for 1000 IoT devices.
Time slot 40/100
Recorded 3 UAV positions and 1000 IoT positions.
Recorded energy efficiencies for 1000 IoT devices.
Time slot 41/100
Recorded 3 UAV positions and 1000 IoT positions.
Recorded energy efficiencies for 1000 IoT devices.
Time slot 42/100
Recorded 3 UAV positions and 1000 IoT positions.
Recorded energy efficiencies for 1000 IoT devices.
Time slot 43/100
Recorded 3 UAV positions and 1000 IoT positions.
Recorded energy efficiencies for 1000 IoT devices.
Time slot 44/100
Recorded 3 UAV positions and 1000 IoT positions.
Recorded energy efficiencies for 1000 IoT devices.
Time slot 45/100
Recorded 3 UAV positions and 1000 IoT positions.
Recorded energy efficiencies for 1000 IoT devices.
Time slot 46/100
Recorded 3 UAV positions and 1000 IoT positions.
Recorded energy efficiencies for 1000 IoT devices.
Time slot 47/100
Recorded 3 UAV positions and 1000 IoT positions.
Recorded energy efficiencies for 1000 IoT devices.
Time slot 48/100
Recorded 3 UAV positions and 1000 IoT positions.
Recorded energy efficiencies for 1000 IoT devices.
Time slot 49/100
Recorded 3 UAV positions and 1000 IoT positions.
Recorded energy efficiencies for 1000 IoT devices.
Time slot 50/100
Recorded 3 UAV positions and 1000 IoT positions.
Recorded energy efficiencies for 1000 IoT devices.
Time slot 51/100
Recorded 3 UAV positions and 1000 IoT positions.
Recorded energy efficiencies for 1000 IoT devices.
Time slot 52/100
Recorded 3 UAV positions and 1000 IoT positions.
Recorded energy efficiencies for 1000 IoT devices.
Time slot 53/100
Recorded 3 UAV positions and 1000 IoT positions.
Recorded energy efficiencies for 1000 IoT devices.
Time slot 54/100
Recorded 3 UAV positions and 1000 IoT positions.
Recorded energy efficiencies for 1000 IoT devices.
Time slot 55/100
Recorded 3 UAV positions and 1000 IoT positions.
Recorded energy efficiencies for 1000 IoT devices.
Time slot 56/100
Recorded 3 UAV positions and 1000 IoT positions.
Recorded energy efficiencies for 1000 IoT devices.
Time slot 57/100
Recorded 3 UAV positions and 1000 IoT positions.
Recorded energy efficiencies for 1000 IoT devices.
Time slot 58/100
Recorded 3 UAV positions and 1000 IoT positions.
Recorded energy efficiencies for 1000 IoT devices.
Time slot 59/100
Recorded 3 UAV positions and 1000 IoT positions.
Recorded energy efficiencies for 1000 IoT devices.
Time slot 60/100
Recorded 3 UAV positions and 1000 IoT positions.
Recorded energy efficiencies for 1000 IoT devices.
Time slot 61/100
Recorded 3 UAV positions and 1000 IoT positions.
Recorded energy efficiencies for 1000 IoT devices.
Time slot 62/100
Recorded 3 UAV positions and 1000 IoT positions.
Recorded energy efficiencies for 1000 IoT devices.
Time slot 63/100
Recorded 3 UAV positions and 1000 IoT positions.
Recorded energy efficiencies for 1000 IoT devices.
Time slot 64/100
Recorded 3 UAV positions and 1000 IoT positions.
Recorded energy efficiencies for 1000 IoT devices.
Time slot 65/100
Recorded 3 UAV positions and 1000 IoT positions.
Recorded energy efficiencies for 1000 IoT devices.
Time slot 66/100
Recorded 3 UAV positions and 1000 IoT positions.
Recorded energy efficiencies for 1000 IoT devices.
Time slot 67/100
Recorded 3 UAV positions and 1000 IoT positions.
Recorded energy efficiencies for 1000 IoT devices.
Time slot 68/100
Recorded 3 UAV positions and 1000 IoT positions.
Recorded energy efficiencies for 1000 IoT devices.
Time slot 69/100
Recorded 3 UAV positions and 1000 IoT positions.
Recorded energy efficiencies for 1000 IoT devices.
Time slot 70/100
Recorded 3 UAV positions and 1000 IoT positions.
Recorded energy efficiencies for 1000 IoT devices.
Time slot 71/100
Recorded 3 UAV positions and 1000 IoT positions.
Recorded energy efficiencies for 1000 IoT devices.
Time slot 72/100
Recorded 3 UAV positions and 1000 IoT positions.
Recorded energy efficiencies for 1000 IoT devices.
Time slot 73/100
Recorded 3 UAV positions and 1000 IoT positions.
Recorded energy efficiencies for 1000 IoT devices.
Time slot 74/100
Recorded 3 UAV positions and 1000 IoT positions.
Recorded energy efficiencies for 1000 IoT devices.
Time slot 75/100
Recorded 3 UAV positions and 1000 IoT positions.
Recorded energy efficiencies for 1000 IoT devices.
Time slot 76/100
Recorded 3 UAV positions and 1000 IoT positions.
Recorded energy efficiencies for 1000 IoT devices.
Time slot 77/100
Recorded 3 UAV positions and 1000 IoT positions.
Recorded energy efficiencies for 1000 IoT devices.
Time slot 78/100
Recorded 3 UAV positions and 1000 IoT positions.
Recorded energy efficiencies for 1000 IoT devices.
Time slot 79/100
Recorded 3 UAV positions and 1000 IoT positions.
Recorded energy efficiencies for 1000 IoT devices.
Time slot 80/100
Recorded 3 UAV positions and 1000 IoT positions.
Recorded energy efficiencies for 1000 IoT devices.
Time slot 81/100
Recorded 3 UAV positions and 1000 IoT positions.
Recorded energy efficiencies for 1000 IoT devices.
Time slot 82/100
Recorded 3 UAV positions and 1000 IoT positions.
Recorded energy efficiencies for 1000 IoT devices.
Time slot 83/100
Recorded 3 UAV positions and 1000 IoT positions.
Recorded energy efficiencies for 1000 IoT devices.
Time slot 84/100
Recorded 3 UAV positions and 1000 IoT positions.
Recorded energy efficiencies for 1000 IoT devices.
Time slot 85/100
Recorded 3 UAV positions and 1000 IoT positions.
Recorded energy efficiencies for 1000 IoT devices.
Time slot 86/100
Recorded 3 UAV positions and 1000 IoT positions.
Recorded energy efficiencies for 1000 IoT devices.
Time slot 87/100
Recorded 3 UAV positions and 1000 IoT positions.
Recorded energy efficiencies for 1000 IoT devices.
Time slot 88/100
Recorded 3 UAV positions and 1000 IoT positions.
Recorded energy efficiencies for 1000 IoT devices.
Time slot 89/100
Recorded 3 UAV positions and 1000 IoT positions.
Recorded energy efficiencies for 1000 IoT devices.
Time slot 90/100
Recorded 3 UAV positions and 1000 IoT positions.
Recorded energy efficiencies for 1000 IoT devices.
Time slot 91/100
Recorded 3 UAV positions and 1000 IoT positions.
Recorded energy efficiencies for 1000 IoT devices.
Time slot 92/100
Recorded 3 UAV positions and 1000 IoT positions.
Recorded energy efficiencies for 1000 IoT devices.
Time slot 93/100
Recorded 3 UAV positions and 1000 IoT positions.
Recorded energy efficiencies for 1000 IoT devices.
Time slot 94/100
Recorded 3 UAV positions and 1000 IoT positions.
Recorded energy efficiencies for 1000 IoT devices.
Time slot 95/100
Recorded 3 UAV positions and 1000 IoT positions.
Recorded energy efficiencies for 1000 IoT devices.
Time slot 96/100
Recorded 3 UAV positions and 1000 IoT positions.
Recorded energy efficiencies for 1000 IoT devices.
Time slot 97/100
Recorded 3 UAV positions and 1000 IoT positions.
Recorded energy efficiencies for 1000 IoT devices.
Time slot 98/100
Recorded 3 UAV positions and 1000 IoT positions.
Recorded energy efficiencies for 1000 IoT devices.
Time slot 99/100
Recorded 3 UAV positions and 1000 IoT positions.
Recorded energy efficiencies for 1000 IoT devices.
Time slot 100/100
Recorded 3 UAV positions and 1000 IoT positions.
Recorded energy efficiencies for 1000 IoT devices.
Simulation completed.
